<?xml version="1.0" encoding="UTF-8"?>
<!-- Generated by org.testng.reporters.JUnitReportReporter -->
<testsuite skipped="0" hostname="DESKTOP-3EGAET6" name="Day10Maven.Database" tests="1" failures="0" timestamp="15 Sep 2020 04:49:28 GMT" time="0.490" errors="0">
  <testcase name="f" time="0.490" classname="Day10Maven.Database"/>
</testsuite> <!-- Day10Maven.Database -->
