<?xml version="1.0" encoding="UTF-8"?>
<!-- Generated by org.testng.reporters.JUnitReportReporter -->
<testsuite skipped="0" hostname="DESKTOP-3EGAET6" name="Day11CSV.ReflectionExample" tests="1" failures="0" timestamp="21 Sep 2020 10:20:48 GMT" time="0.129" errors="0">
  <testcase name="f" time="0.129" classname="Day11CSV.ReflectionExample"/>
</testsuite> <!-- Day11CSV.ReflectionExample -->
