<?xml version="1.0" encoding="UTF-8"?>
<!-- Generated by org.testng.reporters.JUnitReportReporter -->
<testsuite skipped="0" hostname="DESKTOP-3EGAET6" name="Day11CSV.ReadingCSV" tests="1" failures="0" timestamp="15 Sep 2020 07:47:47 GMT" time="0.226" errors="0">
  <testcase name="f" time="0.226" classname="Day11CSV.ReadingCSV"/>
</testsuite> <!-- Day11CSV.ReadingCSV -->
