<?xml version="1.0" encoding="UTF-8"?>
<!-- Generated by org.testng.reporters.JUnitReportReporter -->
<testsuite skipped="0" hostname="DESKTOP-3EGAET6" name="Day11CSV.GroupExample" tests="1" failures="0" timestamp="15 Sep 2020 11:05:01 GMT" time="0.105" errors="0">
  <testcase name="f1" time="0.105" classname="Day11CSV.GroupExample"/>
</testsuite> <!-- Day11CSV.GroupExample -->
