<?xml version="1.0" encoding="UTF-8"?>
<!-- Generated by org.testng.reporters.JUnitReportReporter -->
<testsuite skipped="0" hostname="DESKTOP-3EGAET6" name="Day10Maven.DataBasePara" tests="1" failures="0" timestamp="15 Sep 2020 04:51:23 GMT" time="27.151" errors="0">
  <testcase name="DataBaseTest" time="27.151" classname="Day10Maven.DataBasePara"/>
</testsuite> <!-- Day10Maven.DataBasePara -->
